<?xml version="1.0" encoding="UTF-8"?>
<beans xmlns="http://www.springframework.org/schema/beans"
       xmlns:xsi="http://www.w3.org/2001/XMLSchema-instance" xmlns:jdbc="http://www.springframework.org/schema/jdbc"
       xmlns:context="http://www.springframework.org/schema/context"
       xsi:schemaLocation="http://www.springframework.org/schema/beans http://www.springframework.org/schema/beans/spring-beans.xsd http://www.springframework.org/schema/jdbc http://www.springframework.org/schema/jdbc/spring-jdbc.xsd http://www.springframework.org/schema/context http://www.springframework.org/schema/context/spring-context.xsd">
    <context:component-scan base-package="com.es.core"/>

    <bean id="dataSourceTest" class="org.springframework.jdbc.datasource.DriverManagerDataSource">
        <property name="driverClassName" value="org.h2.Driver"/>
        <property name="url" value="jdbc:h2:mem:schema"/>
    </bean>

    <bean id="jdbcTemplateTest" class="org.springframework.jdbc.core.JdbcTemplate">
        <property name="dataSource" ref="dataSourceTest"/>
    </bean>

    <jdbc:initialize-database data-source="dataSourceTest">
        <jdbc:script location="classpath:db/schemaTest.sql"/>
    </jdbc:initialize-database>

    <jdbc:initialize-database data-source="dataSourceTest">
        <jdbc:script location="classpath:db/phoneTest.sql"/>
    </jdbc:initialize-database>
</beans>